# JRE version: OpenJDK Runtime Environment Temurin-17.0.8+7 (17.0.8+7) (build 17.0.8+7)
# Java VM: OpenJDK 64-Bit Server VM Temurin-17.0.8+7 (17.0.8+7, mixed mode, tiered, compressed class ptrs, g1 gc, windows-amd64)
GC Precious Log:
 CPUs: 12 total, 12 available
 Memory: 32562M
 Large Page Support: Disabled
 NUMA Support: Disabled
 Compressed Oops: Disabled
 Heap Region Size: 32M
 Heap Min Capacity: 512M
 Heap Initial Capacity: 512M
 Heap Max Capacity: 64000M
 Pre-touch: Disabled
 Parallel Workers: 10
 Concurrent Workers: 3
 Concurrent Refinement Workers: 10
 Periodic GC: Disabled
Heap:
 garbage-first heap   total 14155776K, used 3702784K [0x000001d970000000, 0x000001e910000000)
  region size 32768K, 3 young (98304K), 3 survivors (98304K)
 Metaspace       used 4039K, committed 4224K, reserved 1114112K
  class space    used 330K, committed 448K, reserved 1048576K
GC Heap History (20 events):
Event: 0.579 GC heap after
{Heap after GC invocations=7 (full 0):
 garbage-first heap   total 1572864K, used 213436K [0x000001d970000000, 0x000001e910000000)
  region size 32768K, 1 young (32768K), 1 survivors (32768K)
 Metaspace       used 4039K, committed 4224K, reserved 1114112K
  class space    used 330K, committed 448K, reserved 1048576K
}
Event: 0.598 GC heap before
{Heap before GC invocations=7 (full 0):
 garbage-first heap   total 1572864K, used 246204K [0x000001d970000000, 0x000001e910000000)
  region size 32768K, 2 young (65536K), 1 survivors (32768K)
 Metaspace       used 4039K, committed 4224K, reserved 1114112K
  class space    used 330K, committed 448K, reserved 1048576K
}
Event: 0.663 GC heap after
{Heap after GC invocations=8 (full 0):
 garbage-first heap   total 1572864K, used 249252K [0x000001d970000000, 0x000001e910000000)
  region size 32768K, 1 young (32768K), 1 survivors (32768K)
 Metaspace       used 4039K, committed 4224K, reserved 1114112K
  class space    used 330K, committed 448K, reserved 1048576K
}
Event: 0.676 GC heap before
{Heap before GC invocations=8 (full 0):
 garbage-first heap   total 1572864K, used 282020K [0x000001d970000000, 0x000001e910000000)
  region size 32768K, 2 young (65536K), 1 survivors (32768K)
 Metaspace       used 4039K, committed 4224K, reserved 1114112K
  class space    used 330K, committed 448K, reserved 1048576K
}
Event: 0.752 GC heap after
{Heap after GC invocations=9 (full 0):
 garbage-first heap   total 4718592K, used 285511K [0x000001d970000000, 0x000001e910000000)
  region size 32768K, 1 young (32768K), 1 survivors (32768K)
 Metaspace       used 4039K, committed 4224K, reserved 1114112K
  class space    used 330K, committed 448K, reserved 1048576K
}
Event: 1.025 GC heap before
{Heap before GC invocations=9 (full 0):
 garbage-first heap   total 4718592K, used 482119K [0x000001d970000000, 0x000001e910000000)
  region size 32768K, 7 young (229376K), 1 survivors (32768K)
 Metaspace       used 4039K, committed 4224K, reserved 1114112K
  class space    used 330K, committed 448K, reserved 1048576K
}
Event: 1.240 GC heap after
{Heap after GC invocations=10 (full 0):
 garbage-first heap   total 4718592K, used 476257K [0x000001d970000000, 0x000001e910000000)
  region size 32768K, 1 young (32768K), 1 survivors (32768K)
 Metaspace       used 4039K, committed 4224K, reserved 1114112K
  class space    used 330K, committed 448K, reserved 1048576K
}
Event: 1.695 GC heap before
{Heap before GC invocations=10 (full 0):
 garbage-first heap   total 4718592K, used 672865K [0x000001d970000000, 0x000001e910000000)
  region size 32768K, 7 young (229376K), 1 survivors (32768K)
 Metaspace       used 4039K, committed 4224K, reserved 1114112K
  class space    used 330K, committed 448K, reserved 1048576K
}
Event: 1.883 GC heap after
{Heap after GC invocations=11 (full 0):
 garbage-first heap   total 4718592K, used 685192K [0x000001d970000000, 0x000001e910000000)
  region size 32768K, 1 young (32768K), 1 survivors (32768K)
 Metaspace       used 4039K, committed 4224K, reserved 1114112K
  class space    used 330K, committed 448K, reserved 1048576K
}
Event: 2.143 GC heap before
{Heap before GC invocations=11 (full 0):
 garbage-first heap   total 4718592K, used 881800K [0x000001d970000000, 0x000001e910000000)
  region size 32768K, 7 young (229376K), 1 survivors (32768K)
 Metaspace       used 4039K, committed 4224K, reserved 1114112K
  class space    used 330K, committed 448K, reserved 1048576K
}
Event: 2.325 GC heap after
{Heap after GC invocations=12 (full 0):
 garbage-first heap   total 4718592K, used 899514K [0x000001d970000000, 0x000001e910000000)
  region size 32768K, 1 young (32768K), 1 survivors (32768K)
 Metaspace       used 4039K, committed 4224K, reserved 1114112K
  class space    used 330K, committed 448K, reserved 1048576K
}
Event: 2.528 GC heap before
{Heap before GC invocations=12 (full 0):
 garbage-first heap   total 4718592K, used 1096122K [0x000001d970000000, 0x000001e910000000)
  region size 32768K, 7 young (229376K), 1 survivors (32768K)
 Metaspace       used 4039K, committed 4224K, reserved 1114112K
  class space    used 330K, committed 448K, reserved 1048576K
}
Event: 3.264 GC heap after
{Heap after GC invocations=13 (full 0):
 garbage-first heap   total 14155776K, used 1112321K [0x000001d970000000, 0x000001e910000000)
  region size 32768K, 1 young (32768K), 1 survivors (32768K)
 Metaspace       used 4039K, committed 4224K, reserved 1114112K
  class space    used 330K, committed 448K, reserved 1048576K
}
Event: 3.837 GC heap before
{Heap before GC invocations=13 (full 0):
 garbage-first heap   total 14155776K, used 1767681K [0x000001d970000000, 0x000001e910000000)
  region size 32768K, 21 young (688128K), 1 survivors (32768K)
 Metaspace       used 4039K, committed 4224K, reserved 1114112K
  class space    used 330K, committed 448K, reserved 1048576K
}
Event: 4.480 GC heap after
{Heap after GC invocations=14 (full 0):
 garbage-first heap   total 14155776K, used 1785139K [0x000001d970000000, 0x000001e910000000)
  region size 32768K, 3 young (98304K), 3 survivors (98304K)
 Metaspace       used 4039K, committed 4224K, reserved 1114112K
  class space    used 330K, committed 448K, reserved 1048576K
}
Event: 4.965 GC heap before
{Heap before GC invocations=14 (full 0):
 garbage-first heap   total 14155776K, used 2374963K [0x000001d970000000, 0x000001e910000000)
  region size 32768K, 21 young (688128K), 3 survivors (98304K)
 Metaspace       used 4039K, committed 4224K, reserved 1114112K
  class space    used 330K, committed 448K, reserved 1048576K
}
Event: 5.550 GC heap after
{Heap after GC invocations=15 (full 0):
 garbage-first heap   total 14155776K, used 2424832K [0x000001d970000000, 0x000001e910000000)
  region size 32768K, 3 young (98304K), 3 survivors (98304K)
 Metaspace       used 4039K, committed 4224K, reserved 1114112K
  class space    used 330K, committed 448K, reserved 1048576K
}
Event: 5.894 GC heap before
{Heap before GC invocations=15 (full 0):
 garbage-first heap   total 14155776K, used 3014656K [0x000001d970000000, 0x000001e910000000)
  region size 32768K, 21 young (688128K), 3 survivors (98304K)
 Metaspace       used 4039K, committed 4224K, reserved 1114112K
  class space    used 330K, committed 448K, reserved 1048576K
}
Event: 6.583 GC heap after
{Heap after GC invocations=16 (full 0):
 garbage-first heap   total 14155776K, used 3058725K [0x000001d970000000, 0x000001e910000000)
  region size 32768K, 3 young (98304K), 3 survivors (98304K)
 Metaspace       used 4039K, committed 4224K, reserved 1114112K
  class space    used 330K, committed 448K, reserved 1048576K
}
Event: 7.061 GC heap before
{Heap before GC invocations=16 (full 0):
 garbage-first heap   total 14155776K, used 3648549K [0x000001d970000000, 0x000001e910000000)
  region size 32768K, 21 young (688128K), 3 survivors (98304K)
 Metaspace       used 4039K, committed 4224K, reserved 1114112K
  class space    used 330K, committed 448K, reserved 1048576K
}

