# JRE version: OpenJDK Runtime Environment Temurin-17.0.8+7 (17.0.8+7) (build 17.0.8+7)
# Java VM: OpenJDK 64-Bit Server VM Temurin-17.0.8+7 (17.0.8+7, mixed mode, tiered, compressed class ptrs, g1 gc, windows-amd64)
GC Precious Log:
 CPUs: 12 total, 12 available
 Memory: 32562M
 Large Page Support: Disabled
 NUMA Support: Disabled
 Compressed Oops: Disabled
 Heap Region Size: 32M
 Heap Min Capacity: 512M
 Heap Initial Capacity: 512M
 Heap Max Capacity: 64000M
 Pre-touch: Disabled
 Parallel Workers: 10
 Concurrent Workers: 3
 Concurrent Refinement Workers: 10
 Periodic GC: Disabled
Heap:
 garbage-first heap   total 14155776K, used 3693355K [0x0000028e9a000000, 0x0000029e3a000000)
  region size 32768K, 3 young (98304K), 3 survivors (98304K)
 Metaspace       used 4039K, committed 4224K, reserved 1114112K
  class space    used 330K, committed 448K, reserved 1048576K
GC Heap History (20 events):
Event: 0.868 GC heap after
{Heap after GC invocations=7 (full 0):
 garbage-first heap   total 1572864K, used 208105K [0x0000028e9a000000, 0x0000029e3a000000)
  region size 32768K, 1 young (32768K), 1 survivors (32768K)
 Metaspace       used 4039K, committed 4224K, reserved 1114112K
  class space    used 330K, committed 448K, reserved 1048576K
}
Event: 0.890 GC heap before
{Heap before GC invocations=7 (full 0):
 garbage-first heap   total 1572864K, used 240873K [0x0000028e9a000000, 0x0000029e3a000000)
  region size 32768K, 2 young (65536K), 1 survivors (32768K)
 Metaspace       used 4039K, committed 4224K, reserved 1114112K
  class space    used 330K, committed 448K, reserved 1048576K
}
Event: 0.964 GC heap after
{Heap after GC invocations=8 (full 0):
 garbage-first heap   total 1572864K, used 243063K [0x0000028e9a000000, 0x0000029e3a000000)
  region size 32768K, 1 young (32768K), 1 survivors (32768K)
 Metaspace       used 4039K, committed 4224K, reserved 1114112K
  class space    used 330K, committed 448K, reserved 1048576K
}
Event: 1.053 GC heap before
{Heap before GC invocations=8 (full 0):
 garbage-first heap   total 1572864K, used 275831K [0x0000028e9a000000, 0x0000029e3a000000)
  region size 32768K, 2 young (65536K), 1 survivors (32768K)
 Metaspace       used 4039K, committed 4224K, reserved 1114112K
  class space    used 330K, committed 448K, reserved 1048576K
}
Event: 1.124 GC heap after
{Heap after GC invocations=9 (full 0):
 garbage-first heap   total 4718592K, used 279032K [0x0000028e9a000000, 0x0000029e3a000000)
  region size 32768K, 1 young (32768K), 1 survivors (32768K)
 Metaspace       used 4039K, committed 4224K, reserved 1114112K
  class space    used 330K, committed 448K, reserved 1048576K
}
Event: 1.541 GC heap before
{Heap before GC invocations=9 (full 0):
 garbage-first heap   total 4718592K, used 475640K [0x0000028e9a000000, 0x0000029e3a000000)
  region size 32768K, 7 young (229376K), 1 survivors (32768K)
 Metaspace       used 4039K, committed 4224K, reserved 1114112K
  class space    used 330K, committed 448K, reserved 1048576K
}
Event: 1.747 GC heap after
{Heap after GC invocations=10 (full 0):
 garbage-first heap   total 4718592K, used 462064K [0x0000028e9a000000, 0x0000029e3a000000)
  region size 32768K, 1 young (32768K), 1 survivors (32768K)
 Metaspace       used 4039K, committed 4224K, reserved 1114112K
  class space    used 330K, committed 448K, reserved 1048576K
}
Event: 1.947 GC heap before
{Heap before GC invocations=10 (full 0):
 garbage-first heap   total 4718592K, used 658672K [0x0000028e9a000000, 0x0000029e3a000000)
  region size 32768K, 7 young (229376K), 1 survivors (32768K)
 Metaspace       used 4039K, committed 4224K, reserved 1114112K
  class space    used 330K, committed 448K, reserved 1048576K
}
Event: 2.157 GC heap after
{Heap after GC invocations=11 (full 0):
 garbage-first heap   total 4718592K, used 669658K [0x0000028e9a000000, 0x0000029e3a000000)
  region size 32768K, 1 young (32768K), 1 survivors (32768K)
 Metaspace       used 4039K, committed 4224K, reserved 1114112K
  class space    used 330K, committed 448K, reserved 1048576K
}
Event: 2.265 GC heap before
{Heap before GC invocations=11 (full 0):
 garbage-first heap   total 4718592K, used 866266K [0x0000028e9a000000, 0x0000029e3a000000)
  region size 32768K, 7 young (229376K), 1 survivors (32768K)
 Metaspace       used 4039K, committed 4224K, reserved 1114112K
  class space    used 330K, committed 448K, reserved 1048576K
}
Event: 2.475 GC heap after
{Heap after GC invocations=12 (full 0):
 garbage-first heap   total 4718592K, used 881276K [0x0000028e9a000000, 0x0000029e3a000000)
  region size 32768K, 1 young (32768K), 1 survivors (32768K)
 Metaspace       used 4039K, committed 4224K, reserved 1114112K
  class space    used 330K, committed 448K, reserved 1048576K
}
Event: 2.581 GC heap before
{Heap before GC invocations=12 (full 0):
 garbage-first heap   total 4718592K, used 1077884K [0x0000028e9a000000, 0x0000029e3a000000)
  region size 32768K, 7 young (229376K), 1 survivors (32768K)
 Metaspace       used 4039K, committed 4224K, reserved 1114112K
  class space    used 330K, committed 448K, reserved 1048576K
}
Event: 3.503 GC heap after
{Heap after GC invocations=13 (full 0):
 garbage-first heap   total 14155776K, used 1096762K [0x0000028e9a000000, 0x0000029e3a000000)
  region size 32768K, 1 young (32768K), 1 survivors (32768K)
 Metaspace       used 4039K, committed 4224K, reserved 1114112K
  class space    used 330K, committed 448K, reserved 1048576K
}
Event: 5.174 GC heap before
{Heap before GC invocations=13 (full 0):
 garbage-first heap   total 14155776K, used 1752122K [0x0000028e9a000000, 0x0000029e3a000000)
  region size 32768K, 21 young (688128K), 1 survivors (32768K)
 Metaspace       used 4039K, committed 4224K, reserved 1114112K
  class space    used 330K, committed 448K, reserved 1048576K
}
Event: 5.888 GC heap after
{Heap after GC invocations=14 (full 0):
 garbage-first heap   total 14155776K, used 1773384K [0x0000028e9a000000, 0x0000029e3a000000)
  region size 32768K, 3 young (98304K), 3 survivors (98304K)
 Metaspace       used 4039K, committed 4224K, reserved 1114112K
  class space    used 330K, committed 448K, reserved 1048576K
}
Event: 6.905 GC heap before
{Heap before GC invocations=14 (full 0):
 garbage-first heap   total 14155776K, used 2363208K [0x0000028e9a000000, 0x0000029e3a000000)
  region size 32768K, 21 young (688128K), 3 survivors (98304K)
 Metaspace       used 4039K, committed 4224K, reserved 1114112K
  class space    used 330K, committed 448K, reserved 1048576K
}
Event: 7.470 GC heap after
{Heap after GC invocations=15 (full 0):
 garbage-first heap   total 14155776K, used 2421396K [0x0000028e9a000000, 0x0000029e3a000000)
  region size 32768K, 3 young (98304K), 3 survivors (98304K)
 Metaspace       used 4039K, committed 4224K, reserved 1114112K
  class space    used 330K, committed 448K, reserved 1048576K
}
Event: 7.711 GC heap before
{Heap before GC invocations=15 (full 0):
 garbage-first heap   total 14155776K, used 3011220K [0x0000028e9a000000, 0x0000029e3a000000)
  region size 32768K, 21 young (688128K), 3 survivors (98304K)
 Metaspace       used 4039K, committed 4224K, reserved 1114112K
  class space    used 330K, committed 448K, reserved 1048576K
}
Event: 8.404 GC heap after
{Heap after GC invocations=16 (full 0):
 garbage-first heap   total 14155776K, used 3058715K [0x0000028e9a000000, 0x0000029e3a000000)
  region size 32768K, 3 young (98304K), 3 survivors (98304K)
 Metaspace       used 4039K, committed 4224K, reserved 1114112K
  class space    used 330K, committed 448K, reserved 1048576K
}
Event: 8.640 GC heap before
{Heap before GC invocations=16 (full 0):
 garbage-first heap   total 14155776K, used 3648539K [0x0000028e9a000000, 0x0000029e3a000000)
  region size 32768K, 21 young (688128K), 3 survivors (98304K)
 Metaspace       used 4039K, committed 4224K, reserved 1114112K
  class space    used 330K, committed 448K, reserved 1048576K
}

